2023-06-20 14:28:31,909 INFO  [restartedMain] com.tpe.SpringBootIntroApplication:Starting SpringBootIntroApplication using Java 11.0.17 on DESKTOP-FCISE0J with PID 1552 (C:\Users\yusuf\Desktop\Springg\SpringBootIntro\target\classes started by yusuf in C:\Users\yusuf\Desktop\Springg)
2023-06-20 14:28:31,922 INFO  [restartedMain] com.tpe.SpringBootIntroApplication:No active profile set, falling back to default profiles: default
2023-06-20 14:28:32,017 INFO  [restartedMain] org.springframework.boot.devtools.env.DevToolsPropertyDefaultsPostProcessor:Devtools property defaults active! Set 'spring.devtools.add-properties' to 'false' to disable
2023-06-20 14:28:32,018 INFO  [restartedMain] org.springframework.boot.devtools.env.DevToolsPropertyDefaultsPostProcessor:For additional web related logging consider setting the 'logging.level.web' property to 'DEBUG'
2023-06-20 14:28:33,624 INFO  [restartedMain] org.springframework.data.repository.config.RepositoryConfigurationDelegate:Bootstrapping Spring Data JPA repositories in DEFAULT mode.
2023-06-20 14:28:33,729 INFO  [restartedMain] org.springframework.data.repository.config.RepositoryConfigurationDelegate:Finished Spring Data repository scanning in 92 ms. Found 3 JPA repository interfaces.
2023-06-20 14:28:35,071 INFO  [restartedMain] org.springframework.boot.web.embedded.tomcat.TomcatWebServer:Tomcat initialized with port(s): 8080 (http)
2023-06-20 14:28:35,091 INFO  [restartedMain] org.apache.catalina.core.StandardService:Starting service [Tomcat]
2023-06-20 14:28:35,092 INFO  [restartedMain] org.apache.catalina.core.StandardEngine:Starting Servlet engine: [Apache Tomcat/9.0.56]
2023-06-20 14:28:35,243 INFO  [restartedMain] org.apache.catalina.core.ContainerBase.[Tomcat].[localhost].[/]:Initializing Spring embedded WebApplicationContext
2023-06-20 14:28:35,243 INFO  [restartedMain] org.springframework.boot.web.servlet.context.ServletWebServerApplicationContext:Root WebApplicationContext: initialization completed in 3224 ms
2023-06-20 14:28:35,715 INFO  [restartedMain] org.hibernate.jpa.internal.util.LogHelper:HHH000204: Processing PersistenceUnitInfo [name: default]
2023-06-20 14:28:35,818 INFO  [restartedMain] org.hibernate.Version:HHH000412: Hibernate ORM core version 5.6.4.Final
2023-06-20 14:28:36,135 INFO  [restartedMain] org.hibernate.annotations.common.Version:HCANN000001: Hibernate Commons Annotations {5.1.2.Final}
2023-06-20 14:28:36,323 INFO  [restartedMain] com.zaxxer.hikari.HikariDataSource:HikariPool-1 - Starting...
2023-06-20 14:28:36,695 INFO  [restartedMain] com.zaxxer.hikari.HikariDataSource:HikariPool-1 - Start completed.
2023-06-20 14:28:36,727 INFO  [restartedMain] org.hibernate.dialect.Dialect:HHH000400: Using dialect: org.hibernate.dialect.PostgreSQLDialect
2023-06-20 14:28:38,129 INFO  [restartedMain] org.hibernate.engine.transaction.jta.platform.internal.JtaPlatformInitiator:HHH000490: Using JtaPlatform implementation: [org.hibernate.engine.transaction.jta.platform.internal.NoJtaPlatform]
2023-06-20 14:28:38,143 INFO  [restartedMain] org.springframework.orm.jpa.LocalContainerEntityManagerFactoryBean:Initialized JPA EntityManagerFactory for persistence unit 'default'
2023-06-20 14:28:38,982 WARN  [restartedMain] org.springframework.boot.autoconfigure.orm.jpa.JpaBaseConfiguration$JpaWebConfiguration:spring.jpa.open-in-view is enabled by default. Therefore, database queries may be performed during view rendering. Explicitly configure spring.jpa.open-in-view to disable this warning
2023-06-20 14:28:39,353 INFO  [restartedMain] org.springframework.security.web.DefaultSecurityFilterChain:Will secure any request with [org.springframework.security.web.context.request.async.WebAsyncManagerIntegrationFilter@74bc6f06, org.springframework.security.web.context.SecurityContextPersistenceFilter@3341529d, org.springframework.security.web.header.HeaderWriterFilter@1fba3030, org.springframework.security.web.authentication.logout.LogoutFilter@4fa4fca3, org.springframework.security.web.authentication.www.BasicAuthenticationFilter@553af04, org.springframework.security.web.savedrequest.RequestCacheAwareFilter@6cad8362, org.springframework.security.web.servletapi.SecurityContextHolderAwareRequestFilter@43e23233, org.springframework.security.web.authentication.AnonymousAuthenticationFilter@1734f79d, org.springframework.security.web.session.SessionManagementFilter@56966d63, org.springframework.security.web.access.ExceptionTranslationFilter@2f73fe74, org.springframework.security.web.access.intercept.AuthorizationFilter@187404f9]
2023-06-20 14:28:39,786 INFO  [restartedMain] org.springframework.boot.autoconfigure.web.servlet.WelcomePageHandlerMapping:Adding welcome page: class path resource [static/index.html]
2023-06-20 14:28:40,224 INFO  [restartedMain] org.springframework.boot.devtools.autoconfigure.OptionalLiveReloadServer:LiveReload server is running on port 35729
2023-06-20 14:28:40,239 INFO  [restartedMain] org.springframework.boot.actuate.endpoint.web.EndpointLinksResolver:Exposing 5 endpoint(s) beneath base path '/actuator'
2023-06-20 14:28:40,372 INFO  [restartedMain] org.springframework.boot.web.embedded.tomcat.TomcatWebServer:Tomcat started on port(s): 8080 (http) with context path ''
2023-06-20 14:28:40,398 INFO  [restartedMain] com.tpe.SpringBootIntroApplication:Started SpringBootIntroApplication in 9.41 seconds (JVM running for 10.467)
2023-06-20 14:28:50,442 INFO  [SpringApplicationShutdownHook] org.springframework.orm.jpa.LocalContainerEntityManagerFactoryBean:Closing JPA EntityManagerFactory for persistence unit 'default'
2023-06-20 14:28:50,450 INFO  [SpringApplicationShutdownHook] com.zaxxer.hikari.HikariDataSource:HikariPool-1 - Shutdown initiated...
2023-06-20 14:28:50,464 INFO  [SpringApplicationShutdownHook] com.zaxxer.hikari.HikariDataSource:HikariPool-1 - Shutdown completed.
2023-06-20 14:28:54,737 INFO  [restartedMain] com.tpe.SpringBootIntroApplication:Starting SpringBootIntroApplication using Java 11.0.17 on DESKTOP-FCISE0J with PID 6788 (C:\Users\yusuf\Desktop\Springg\SpringBootIntro\target\classes started by yusuf in C:\Users\yusuf\Desktop\Springg)
2023-06-20 14:28:54,738 INFO  [restartedMain] com.tpe.SpringBootIntroApplication:No active profile set, falling back to default profiles: default
2023-06-20 14:28:54,828 INFO  [restartedMain] org.springframework.boot.devtools.env.DevToolsPropertyDefaultsPostProcessor:Devtools property defaults active! Set 'spring.devtools.add-properties' to 'false' to disable
2023-06-20 14:28:54,829 INFO  [restartedMain] org.springframework.boot.devtools.env.DevToolsPropertyDefaultsPostProcessor:For additional web related logging consider setting the 'logging.level.web' property to 'DEBUG'
2023-06-20 14:28:56,299 INFO  [restartedMain] org.springframework.data.repository.config.RepositoryConfigurationDelegate:Bootstrapping Spring Data JPA repositories in DEFAULT mode.
2023-06-20 14:28:56,401 INFO  [restartedMain] org.springframework.data.repository.config.RepositoryConfigurationDelegate:Finished Spring Data repository scanning in 90 ms. Found 3 JPA repository interfaces.
2023-06-20 14:28:57,706 INFO  [restartedMain] org.springframework.boot.web.embedded.tomcat.TomcatWebServer:Tomcat initialized with port(s): 8080 (http)
2023-06-20 14:28:57,726 INFO  [restartedMain] org.apache.catalina.core.StandardService:Starting service [Tomcat]
2023-06-20 14:28:57,727 INFO  [restartedMain] org.apache.catalina.core.StandardEngine:Starting Servlet engine: [Apache Tomcat/9.0.56]
2023-06-20 14:28:57,873 INFO  [restartedMain] org.apache.catalina.core.ContainerBase.[Tomcat].[localhost].[/]:Initializing Spring embedded WebApplicationContext
2023-06-20 14:28:57,874 INFO  [restartedMain] org.springframework.boot.web.servlet.context.ServletWebServerApplicationContext:Root WebApplicationContext: initialization completed in 3044 ms
2023-06-20 14:28:58,319 INFO  [restartedMain] org.hibernate.jpa.internal.util.LogHelper:HHH000204: Processing PersistenceUnitInfo [name: default]
2023-06-20 14:28:58,396 INFO  [restartedMain] org.hibernate.Version:HHH000412: Hibernate ORM core version 5.6.4.Final
2023-06-20 14:28:58,654 INFO  [restartedMain] org.hibernate.annotations.common.Version:HCANN000001: Hibernate Commons Annotations {5.1.2.Final}
2023-06-20 14:28:58,843 INFO  [restartedMain] com.zaxxer.hikari.HikariDataSource:HikariPool-1 - Starting...
2023-06-20 14:28:59,157 INFO  [restartedMain] com.zaxxer.hikari.HikariDataSource:HikariPool-1 - Start completed.
2023-06-20 14:28:59,184 INFO  [restartedMain] org.hibernate.dialect.Dialect:HHH000400: Using dialect: org.hibernate.dialect.PostgreSQLDialect
2023-06-20 14:29:00,469 INFO  [restartedMain] org.hibernate.engine.transaction.jta.platform.internal.JtaPlatformInitiator:HHH000490: Using JtaPlatform implementation: [org.hibernate.engine.transaction.jta.platform.internal.NoJtaPlatform]
2023-06-20 14:29:00,486 INFO  [restartedMain] org.springframework.orm.jpa.LocalContainerEntityManagerFactoryBean:Initialized JPA EntityManagerFactory for persistence unit 'default'
2023-06-20 14:29:01,349 WARN  [restartedMain] org.springframework.boot.autoconfigure.orm.jpa.JpaBaseConfiguration$JpaWebConfiguration:spring.jpa.open-in-view is enabled by default. Therefore, database queries may be performed during view rendering. Explicitly configure spring.jpa.open-in-view to disable this warning
2023-06-20 14:29:01,702 INFO  [restartedMain] org.springframework.security.web.DefaultSecurityFilterChain:Will secure any request with [org.springframework.security.web.context.request.async.WebAsyncManagerIntegrationFilter@4b00d83f, org.springframework.security.web.context.SecurityContextPersistenceFilter@441bce42, org.springframework.security.web.header.HeaderWriterFilter@57272a25, org.springframework.security.web.authentication.logout.LogoutFilter@53e63bcc, org.springframework.security.web.authentication.www.BasicAuthenticationFilter@34916621, org.springframework.security.web.savedrequest.RequestCacheAwareFilter@7ef960, org.springframework.security.web.servletapi.SecurityContextHolderAwareRequestFilter@6780931e, org.springframework.security.web.authentication.AnonymousAuthenticationFilter@477f2c7b, org.springframework.security.web.session.SessionManagementFilter@33efb87f, org.springframework.security.web.access.ExceptionTranslationFilter@17f52009, org.springframework.security.web.access.intercept.AuthorizationFilter@2beb1157]
2023-06-20 14:29:02,025 INFO  [restartedMain] org.springframework.boot.autoconfigure.web.servlet.WelcomePageHandlerMapping:Adding welcome page: class path resource [static/index.html]
2023-06-20 14:29:02,398 INFO  [restartedMain] org.springframework.boot.devtools.autoconfigure.OptionalLiveReloadServer:LiveReload server is running on port 35729
2023-06-20 14:29:02,410 INFO  [restartedMain] org.springframework.boot.actuate.endpoint.web.EndpointLinksResolver:Exposing 5 endpoint(s) beneath base path '/actuator'
2023-06-20 14:29:02,522 INFO  [restartedMain] org.springframework.boot.web.embedded.tomcat.TomcatWebServer:Tomcat started on port(s): 8080 (http) with context path ''
2023-06-20 14:29:02,543 INFO  [restartedMain] com.tpe.SpringBootIntroApplication:Started SpringBootIntroApplication in 8.621 seconds (JVM running for 9.556)
2023-06-20 14:29:35,458 INFO  [http-nio-8080-exec-1] org.apache.catalina.core.ContainerBase.[Tomcat].[localhost].[/]:Initializing Spring DispatcherServlet 'dispatcherServlet'
2023-06-20 14:30:47,294 WARN  [http-nio-8080-exec-5] org.apache.catalina.util.SessionIdGeneratorBase:Creation of SecureRandom instance for session ID generation using [SHA1PRNG] took [147] milliseconds.
2023-06-20 14:31:04,644 INFO  [SpringApplicationShutdownHook] org.springframework.orm.jpa.LocalContainerEntityManagerFactoryBean:Closing JPA EntityManagerFactory for persistence unit 'default'
2023-06-20 14:31:04,650 INFO  [SpringApplicationShutdownHook] com.zaxxer.hikari.HikariDataSource:HikariPool-1 - Shutdown initiated...
2023-06-20 14:31:04,676 INFO  [SpringApplicationShutdownHook] com.zaxxer.hikari.HikariDataSource:HikariPool-1 - Shutdown completed.
2023-06-20 14:31:08,938 INFO  [restartedMain] com.tpe.SpringBootIntroApplication:Starting SpringBootIntroApplication using Java 11.0.17 on DESKTOP-FCISE0J with PID 2516 (C:\Users\yusuf\Desktop\Springg\SpringBootIntro\target\classes started by yusuf in C:\Users\yusuf\Desktop\Springg)
2023-06-20 14:31:08,941 INFO  [restartedMain] com.tpe.SpringBootIntroApplication:No active profile set, falling back to default profiles: default
2023-06-20 14:31:09,030 INFO  [restartedMain] org.springframework.boot.devtools.env.DevToolsPropertyDefaultsPostProcessor:Devtools property defaults active! Set 'spring.devtools.add-properties' to 'false' to disable
2023-06-20 14:31:09,030 INFO  [restartedMain] org.springframework.boot.devtools.env.DevToolsPropertyDefaultsPostProcessor:For additional web related logging consider setting the 'logging.level.web' property to 'DEBUG'
2023-06-20 14:31:10,442 INFO  [restartedMain] org.springframework.data.repository.config.RepositoryConfigurationDelegate:Bootstrapping Spring Data JPA repositories in DEFAULT mode.
2023-06-20 14:31:10,538 INFO  [restartedMain] org.springframework.data.repository.config.RepositoryConfigurationDelegate:Finished Spring Data repository scanning in 84 ms. Found 3 JPA repository interfaces.
2023-06-20 14:31:11,809 INFO  [restartedMain] org.springframework.boot.web.embedded.tomcat.TomcatWebServer:Tomcat initialized with port(s): 8080 (http)
2023-06-20 14:31:11,833 INFO  [restartedMain] org.apache.catalina.core.StandardService:Starting service [Tomcat]
2023-06-20 14:31:11,834 INFO  [restartedMain] org.apache.catalina.core.StandardEngine:Starting Servlet engine: [Apache Tomcat/9.0.56]
2023-06-20 14:31:11,991 INFO  [restartedMain] org.apache.catalina.core.ContainerBase.[Tomcat].[localhost].[/]:Initializing Spring embedded WebApplicationContext
2023-06-20 14:31:11,991 INFO  [restartedMain] org.springframework.boot.web.servlet.context.ServletWebServerApplicationContext:Root WebApplicationContext: initialization completed in 2960 ms
2023-06-20 14:31:12,455 INFO  [restartedMain] org.hibernate.jpa.internal.util.LogHelper:HHH000204: Processing PersistenceUnitInfo [name: default]
2023-06-20 14:31:12,545 INFO  [restartedMain] org.hibernate.Version:HHH000412: Hibernate ORM core version 5.6.4.Final
2023-06-20 14:31:12,859 INFO  [restartedMain] org.hibernate.annotations.common.Version:HCANN000001: Hibernate Commons Annotations {5.1.2.Final}
2023-06-20 14:31:13,020 INFO  [restartedMain] com.zaxxer.hikari.HikariDataSource:HikariPool-1 - Starting...
2023-06-20 14:31:13,362 INFO  [restartedMain] com.zaxxer.hikari.HikariDataSource:HikariPool-1 - Start completed.
2023-06-20 14:31:13,396 INFO  [restartedMain] org.hibernate.dialect.Dialect:HHH000400: Using dialect: org.hibernate.dialect.PostgreSQLDialect
2023-06-20 14:31:14,613 INFO  [restartedMain] org.hibernate.engine.transaction.jta.platform.internal.JtaPlatformInitiator:HHH000490: Using JtaPlatform implementation: [org.hibernate.engine.transaction.jta.platform.internal.NoJtaPlatform]
2023-06-20 14:31:14,625 INFO  [restartedMain] org.springframework.orm.jpa.LocalContainerEntityManagerFactoryBean:Initialized JPA EntityManagerFactory for persistence unit 'default'
2023-06-20 14:31:15,442 WARN  [restartedMain] org.springframework.boot.autoconfigure.orm.jpa.JpaBaseConfiguration$JpaWebConfiguration:spring.jpa.open-in-view is enabled by default. Therefore, database queries may be performed during view rendering. Explicitly configure spring.jpa.open-in-view to disable this warning
2023-06-20 14:31:15,785 INFO  [restartedMain] org.springframework.security.web.DefaultSecurityFilterChain:Will secure any request with [org.springframework.security.web.context.request.async.WebAsyncManagerIntegrationFilter@1c6fdd4d, org.springframework.security.web.context.SecurityContextPersistenceFilter@18f67353, org.springframework.security.web.header.HeaderWriterFilter@4aa56162, org.springframework.security.web.authentication.logout.LogoutFilter@4b273936, org.springframework.security.web.authentication.www.BasicAuthenticationFilter@3594750c, org.springframework.security.web.savedrequest.RequestCacheAwareFilter@72c2b72b, org.springframework.security.web.servletapi.SecurityContextHolderAwareRequestFilter@509b7296, org.springframework.security.web.authentication.AnonymousAuthenticationFilter@64f97ee8, org.springframework.security.web.session.SessionManagementFilter@65554fc4, org.springframework.security.web.access.ExceptionTranslationFilter@79f5780a, org.springframework.security.web.access.intercept.AuthorizationFilter@5073731d]
2023-06-20 14:31:16,147 INFO  [restartedMain] org.springframework.boot.autoconfigure.web.servlet.WelcomePageHandlerMapping:Adding welcome page: class path resource [static/index.html]
2023-06-20 14:31:16,527 INFO  [restartedMain] org.springframework.boot.devtools.autoconfigure.OptionalLiveReloadServer:LiveReload server is running on port 35729
2023-06-20 14:31:16,535 INFO  [restartedMain] org.springframework.boot.actuate.endpoint.web.EndpointLinksResolver:Exposing 5 endpoint(s) beneath base path '/actuator'
2023-06-20 14:31:16,615 INFO  [restartedMain] org.springframework.boot.web.embedded.tomcat.TomcatWebServer:Tomcat started on port(s): 8080 (http) with context path ''
2023-06-20 14:31:16,640 INFO  [restartedMain] com.tpe.SpringBootIntroApplication:Started SpringBootIntroApplication in 8.523 seconds (JVM running for 9.45)
2023-06-20 14:31:44,433 INFO  [http-nio-8080-exec-1] org.apache.catalina.core.ContainerBase.[Tomcat].[localhost].[/]:Initializing Spring DispatcherServlet 'dispatcherServlet'
2023-06-20 14:40:13,630 INFO  [SpringApplicationShutdownHook] org.springframework.orm.jpa.LocalContainerEntityManagerFactoryBean:Closing JPA EntityManagerFactory for persistence unit 'default'
2023-06-20 14:40:13,637 INFO  [SpringApplicationShutdownHook] com.zaxxer.hikari.HikariDataSource:HikariPool-1 - Shutdown initiated...
2023-06-20 14:40:13,651 INFO  [SpringApplicationShutdownHook] com.zaxxer.hikari.HikariDataSource:HikariPool-1 - Shutdown completed.
2023-06-20 14:40:26,918 INFO  [restartedMain] com.tpe.SpringBootIntroApplication:Starting SpringBootIntroApplication using Java 11.0.17 on DESKTOP-FCISE0J with PID 12984 (C:\Users\yusuf\Desktop\Springg\SpringBootIntro\target\classes started by yusuf in C:\Users\yusuf\Desktop\Springg)
2023-06-20 14:40:26,920 INFO  [restartedMain] com.tpe.SpringBootIntroApplication:No active profile set, falling back to default profiles: default
2023-06-20 14:40:27,007 INFO  [restartedMain] org.springframework.boot.devtools.env.DevToolsPropertyDefaultsPostProcessor:Devtools property defaults active! Set 'spring.devtools.add-properties' to 'false' to disable
2023-06-20 14:40:27,008 INFO  [restartedMain] org.springframework.boot.devtools.env.DevToolsPropertyDefaultsPostProcessor:For additional web related logging consider setting the 'logging.level.web' property to 'DEBUG'
2023-06-20 14:40:28,470 INFO  [restartedMain] org.springframework.data.repository.config.RepositoryConfigurationDelegate:Bootstrapping Spring Data JPA repositories in DEFAULT mode.
2023-06-20 14:40:28,569 INFO  [restartedMain] org.springframework.data.repository.config.RepositoryConfigurationDelegate:Finished Spring Data repository scanning in 86 ms. Found 3 JPA repository interfaces.
2023-06-20 14:40:29,866 INFO  [restartedMain] org.springframework.boot.web.embedded.tomcat.TomcatWebServer:Tomcat initialized with port(s): 8080 (http)
2023-06-20 14:40:29,886 INFO  [restartedMain] org.apache.catalina.core.StandardService:Starting service [Tomcat]
2023-06-20 14:40:29,887 INFO  [restartedMain] org.apache.catalina.core.StandardEngine:Starting Servlet engine: [Apache Tomcat/9.0.56]
2023-06-20 14:40:30,041 INFO  [restartedMain] org.apache.catalina.core.ContainerBase.[Tomcat].[localhost].[/]:Initializing Spring embedded WebApplicationContext
2023-06-20 14:40:30,042 INFO  [restartedMain] org.springframework.boot.web.servlet.context.ServletWebServerApplicationContext:Root WebApplicationContext: initialization completed in 3034 ms
2023-06-20 14:40:30,525 INFO  [restartedMain] org.hibernate.jpa.internal.util.LogHelper:HHH000204: Processing PersistenceUnitInfo [name: default]
2023-06-20 14:40:30,619 INFO  [restartedMain] org.hibernate.Version:HHH000412: Hibernate ORM core version 5.6.4.Final
2023-06-20 14:40:30,887 INFO  [restartedMain] org.hibernate.annotations.common.Version:HCANN000001: Hibernate Commons Annotations {5.1.2.Final}
2023-06-20 14:40:31,088 INFO  [restartedMain] com.zaxxer.hikari.HikariDataSource:HikariPool-1 - Starting...
2023-06-20 14:40:31,446 INFO  [restartedMain] com.zaxxer.hikari.HikariDataSource:HikariPool-1 - Start completed.
2023-06-20 14:40:31,475 INFO  [restartedMain] org.hibernate.dialect.Dialect:HHH000400: Using dialect: org.hibernate.dialect.PostgreSQLDialect
2023-06-20 14:40:32,740 INFO  [restartedMain] org.hibernate.engine.transaction.jta.platform.internal.JtaPlatformInitiator:HHH000490: Using JtaPlatform implementation: [org.hibernate.engine.transaction.jta.platform.internal.NoJtaPlatform]
2023-06-20 14:40:32,752 INFO  [restartedMain] org.springframework.orm.jpa.LocalContainerEntityManagerFactoryBean:Initialized JPA EntityManagerFactory for persistence unit 'default'
2023-06-20 14:40:33,626 WARN  [restartedMain] org.springframework.boot.autoconfigure.orm.jpa.JpaBaseConfiguration$JpaWebConfiguration:spring.jpa.open-in-view is enabled by default. Therefore, database queries may be performed during view rendering. Explicitly configure spring.jpa.open-in-view to disable this warning
2023-06-20 14:40:34,003 INFO  [restartedMain] org.springframework.security.web.DefaultSecurityFilterChain:Will secure any request with [org.springframework.security.web.context.request.async.WebAsyncManagerIntegrationFilter@2cd2f36f, org.springframework.security.web.context.SecurityContextPersistenceFilter@2cd5aa15, org.springframework.security.web.header.HeaderWriterFilter@253973a5, org.springframework.security.web.authentication.logout.LogoutFilter@1170a8bd, org.springframework.security.web.authentication.www.BasicAuthenticationFilter@610b1dcf, org.springframework.security.web.savedrequest.RequestCacheAwareFilter@33b2bd78, org.springframework.security.web.servletapi.SecurityContextHolderAwareRequestFilter@37bd1d5, org.springframework.security.web.authentication.AnonymousAuthenticationFilter@48b64490, org.springframework.security.web.session.SessionManagementFilter@6a74f6bd, org.springframework.security.web.access.ExceptionTranslationFilter@4d31ac5b, org.springframework.security.web.access.intercept.AuthorizationFilter@2d6ae25]
2023-06-20 14:40:34,355 INFO  [restartedMain] org.springframework.boot.autoconfigure.web.servlet.WelcomePageHandlerMapping:Adding welcome page: class path resource [static/index.html]
2023-06-20 14:40:34,746 INFO  [restartedMain] org.springframework.boot.devtools.autoconfigure.OptionalLiveReloadServer:LiveReload server is running on port 35729
2023-06-20 14:40:34,757 INFO  [restartedMain] org.springframework.boot.actuate.endpoint.web.EndpointLinksResolver:Exposing 5 endpoint(s) beneath base path '/actuator'
2023-06-20 14:40:34,839 INFO  [restartedMain] org.springframework.boot.web.embedded.tomcat.TomcatWebServer:Tomcat started on port(s): 8080 (http) with context path ''
2023-06-20 14:40:34,862 INFO  [restartedMain] com.tpe.SpringBootIntroApplication:Started SpringBootIntroApplication in 8.731 seconds (JVM running for 9.75)
2023-06-20 14:40:44,869 INFO  [http-nio-8080-exec-1] org.apache.catalina.core.ContainerBase.[Tomcat].[localhost].[/]:Initializing Spring DispatcherServlet 'dispatcherServlet'
